<?xml version="1.0" encoding="UTF-8"?>
<!-- Generated by org.testng.reporters.JUnitReportReporter -->
<testsuite hostname="DESKTOP-I3RSF9F" failures="0" tests="1" name="com.Actitime.testscript.CustomerModule" time="0.017" errors="0" timestamp="2024-01-05T13:06:09 IST" skipped="0">
  <testcase classname="com.Actitime.testscript.CustomerModule" name="createCustomer" time="0.017"/>
  <system-out>
    <![CDATA[Customer]]>
  </system-out>
</testsuite> <!-- com.Actitime.testscript.CustomerModule -->
